<?xml version="1.0" encoding="UTF-8"?>
<testng-results ignored="0" total="2" passed="2" failed="0" skipped="0">
  <reporter-output>
  </reporter-output>
  <suite started-at="2026-03-02T14:41:24 IST" name="UI Automation Suite" finished-at="2026-03-02T14:41:37 IST" duration-ms="13506">
    <groups>
    </groups>
    <test started-at="2026-03-02T14:41:24 IST" name="Login Tests" finished-at="2026-03-02T14:41:37 IST" duration-ms="13506">
      <class name="com.selenium.tests.LoginTests">
        <test-method is-config="true" signature="setup()[pri:0, instance:com.selenium.tests.LoginTests@48aaecc3]" started-at="2026-03-02T14:41:24 IST" name="setup" finished-at="2026-03-02T14:41:31 IST" duration-ms="6855" status="PASS">
          <reporter-output>
          </reporter-output>
        </test-method> <!-- setup -->
        <test-method signature="invalidLoginTest()[pri:0, instance:com.selenium.tests.LoginTests@48aaecc3]" started-at="2026-03-02T14:41:31 IST" name="invalidLoginTest" finished-at="2026-03-02T14:41:31 IST" duration-ms="844" status="PASS">
          <reporter-output>
          </reporter-output>
        </test-method> <!-- invalidLoginTest -->
        <test-method is-config="true" signature="tearDown()[pri:0, instance:com.selenium.tests.LoginTests@48aaecc3]" started-at="2026-03-02T14:41:32 IST" name="tearDown" finished-at="2026-03-02T14:41:32 IST" duration-ms="235" status="PASS">
          <reporter-output>
          </reporter-output>
        </test-method> <!-- tearDown -->
        <test-method is-config="true" signature="setup()[pri:0, instance:com.selenium.tests.LoginTests@48aaecc3]" started-at="2026-03-02T14:41:32 IST" name="setup" finished-at="2026-03-02T14:41:36 IST" duration-ms="4370" status="PASS">
          <reporter-output>
          </reporter-output>
        </test-method> <!-- setup -->
        <test-method signature="validLoginTest()[pri:0, instance:com.selenium.tests.LoginTests@48aaecc3]" started-at="2026-03-02T14:41:36 IST" name="validLoginTest" finished-at="2026-03-02T14:41:37 IST" duration-ms="938" status="PASS">
          <reporter-output>
          </reporter-output>
        </test-method> <!-- validLoginTest -->
        <test-method is-config="true" signature="tearDown()[pri:0, instance:com.selenium.tests.LoginTests@48aaecc3]" started-at="2026-03-02T14:41:37 IST" name="tearDown" finished-at="2026-03-02T14:41:37 IST" duration-ms="220" status="PASS">
          <reporter-output>
          </reporter-output>
        </test-method> <!-- tearDown -->
      </class> <!-- com.selenium.tests.LoginTests -->
    </test> <!-- Login Tests -->
  </suite> <!-- UI Automation Suite -->
</testng-results>
