<?xml version="1.0" encoding="UTF-8"?>
<!-- Generated by org.testng.reporters.JUnitReportReporter -->
<testsuite hostname="Swathi15_dell" failures="0" tests="2" name="com.selenium.tests.LoginTests" time="13.462" errors="0" timestamp="2026-03-02T14:41:37 IST" skipped="0">
  <testcase classname="com.selenium.tests.LoginTests" name="validLoginTest" time="8.028"/>
  <testcase classname="com.selenium.tests.LoginTests" name="invalidLoginTest" time="5.434"/>
</testsuite> <!-- com.selenium.tests.LoginTests -->
